46
0 L 0 35 1
0 D 800 35 1
1 L 0 122 1
1 D 800 122 1
2 L 0 179 1
2 D 800 179 1
3 L 0 216 1
3 D 800 216 1
5 L 0 383 1
5 D 409 383 1
7 L 0 225 1
7 D 425 225 1
9 L 0 8 1
9 D 83 8 1
10 L 0 15 1
10 D 83 15 1
11 L 0 33 1
11 D 83 33 1
12 L 0 88 1
12 D 83 88 1
13 L 0 95 1
13 D 83 95 1
15 L 0 122 1
15 D 870 122 1
16 L 0 168 1
16 D 870 168 1
17 L 0 204 1
17 D 870 204 1
18 L 0 278 1
18 D 870 278 1
20 L 0 129 1
20 D 573 129 1
21 L 0 194 1
21 D 573 194 1
22 L 0 227 1
22 D 573 227 1
23 L 0 270 1
23 D 573 270 1
25 L 0 299 1
25 D 464 299 1
27 L 0 129 1
27 D 1176 129 1
28 L 0 172 1
28 D 1176 172 1
29 L 0 398 1
29 D 1176 398 1
