3058
0 L 0 293 1
0 D 659 293 1
0 L 0 550 1
0 D 339 550 1
0 L 0 940 1
0 D 428 940 1
0 L 0 511 1
0 D 71 511 1
0 L 0 536 1
0 D 36 536 1
0 L 0 894 1
0 D 159 894 1
0 L 0 926 1
0 D 312 926 1
0 L 0 370 1
0 D 534 370 1
0 L 0 112 1
0 D 513 112 1
0 L 0 623 1
0 D 157 623 1
0 L 0 946 1
0 D 160 946 1
0 L 0 504 1
0 D 447 504 1
0 L 0 450 1
0 D 76 450 1
0 L 0 765 1
0 D 452 765 1
0 L 0 183 1
0 D 743 183 1
0 L 0 327 1
0 D 89 327 1
0 L 0 858 1
0 D 506 858 1
0 L 0 820 1
0 D 370 820 1
0 L 0 888 1
0 D 698 888 1
0 L 0 70 1
0 D 775 70 1
0 L 0 918 1
0 D 634 918 1
0 L 0 283 1
0 D 593 283 1
0 L 0 18 1
0 D 757 18 1
0 L 0 262 1
0 D 37 262 1
0 L 0 964 1
0 D 457 964 1
0 L 0 214 1
0 D 679 214 1
0 L 0 481 1
0 D 425 481 1
0 L 0 456 1
0 D 217 456 1
0 L 0 28 1
0 D 494 28 1
0 L 0 814 1
0 D 728 814 1
0 L 0 565 1
0 D 90 565 1
0 L 0 259 1
0 D 303 259 1
0 L 0 267 1
0 D 277 267 1
0 L 0 793 1
0 D 471 793 1
0 L 0 422 1
0 D 577 422 1
0 L 0 945 1
0 D 413 945 1
0 L 0 890 1
0 D 302 890 1
0 L 0 601 1
0 D 294 601 1
0 L 0 848 1
0 D 630 848 1
0 L 0 373 1
0 D 6 373 1
0 L 0 17 1
0 D 412 17 1
0 L 0 777 1
0 D 520 777 1
0 L 0 887 1
0 D 464 887 1
0 L 0 954 1
0 D 677 954 1
0 L 0 746 1
0 D 150 746 1
0 L 0 762 1
0 D 676 762 1
0 L 0 185 1
0 D 766 185 1
0 L 0 590 1
0 D 438 590 1
0 L 0 287 1
0 D 770 287 1
0 L 0 759 1
0 D 715 759 1
0 L 0 803 1
0 D 456 803 1
0 L 0 850 1
0 D 750 850 1
0 L 0 840 1
0 D 688 840 1
0 L 0 398 1
0 D 660 398 1
0 L 0 438 1
0 D 723 438 1
0 L 0 553 1
0 D 327 553 1
0 L 0 671 1
0 D 123 671 1
0 L 0 664 1
0 D 645 664 1
0 L 0 300 1
0 D 617 300 1
0 L 0 323 1
0 D 787 323 1
0 L 0 978 1
0 D 566 978 1
0 L 0 780 1
0 D 541 780 1
0 L 0 965 1
0 D 781 965 1
0 L 0 414 1
0 D 23 414 1
0 L 0 773 1
0 D 276 773 1
0 L 0 767 1
0 D 510 767 1
0 L 0 755 1
0 D 727 755 1
0 L 0 192 1
0 D 102 192 1
0 L 0 886 1
0 D 82 886 1
0 L 0 181 1
0 D 130 181 1
0 L 0 772 1
0 D 279 772 1
0 L 0 552 1
0 D 485 552 1
0 L 0 215 1
0 D 661 215 1
0 L 0 540 1
0 D 527 540 1
0 L 0 805 1
0 D 678 805 1
0 L 0 401 1
0 D 154 401 1
0 L 0 625 1
0 D 193 625 1
0 L 0 495 1
0 D 584 495 1
0 L 0 27 1
0 D 178 27 1
1 L 0 594 1
1 D 659 594 1
1 L 0 614 1
1 D 339 614 1
1 L 0 520 1
1 D 71 520 1
1 L 0 600 1
1 D 36 600 1
1 L 0 896 1
1 D 159 896 1
1 L 0 518 1
1 D 534 518 1
1 L 0 86 1
1 D 40 86 1
1 L 0 114 1
1 D 513 114 1
1 L 0 759 1
1 D 157 759 1
1 L 0 534 1
1 D 447 534 1
1 L 0 474 1
1 D 76 474 1
1 L 0 801 1
1 D 452 801 1
1 L 0 623 1
1 D 743 623 1
1 L 0 362 1
1 D 89 362 1
1 L 0 929 1
1 D 506 929 1
1 L 0 843 1
1 D 370 843 1
1 L 0 659 1
1 D 775 659 1
1 L 0 612 1
1 D 593 612 1
1 L 0 34 1
1 D 757 34 1
1 L 0 319 1
1 D 37 319 1
1 L 0 223 1
1 D 679 223 1
1 L 0 498 1
1 D 425 498 1
1 L 0 460 1
1 D 217 460 1
1 L 0 261 1
1 D 494 261 1
1 L 0 823 1
1 D 728 823 1
1 L 0 170 1
1 D 313 170 1
1 L 0 262 1
1 D 303 262 1
1 L 0 288 1
1 D 277 288 1
1 L 0 845 1
1 D 471 845 1
1 L 0 618 1
1 D 577 618 1
1 L 0 988 1
1 D 413 988 1
1 L 0 905 1
1 D 302 905 1
1 L 0 919 1
1 D 630 919 1
1 L 0 458 1
1 D 6 458 1
1 L 0 41 1
1 D 308 41 1
1 L 0 86 1
1 D 211 86 1
1 L 0 351 1
1 D 412 351 1
1 L 0 114 1
1 D 585 114 1
1 L 0 785 1
1 D 520 785 1
1 L 0 925 1
1 D 464 925 1
1 L 0 522 1
1 D 348 522 1
1 L 0 751 1
1 D 150 751 1
1 L 0 794 1
1 D 676 794 1
1 L 0 480 1
1 D 766 480 1
1 L 0 699 1
1 D 438 699 1
1 L 0 300 1
1 D 770 300 1
1 L 0 789 1
1 D 715 789 1
1 L 0 921 1
1 D 456 921 1
1 L 0 883 1
1 D 750 883 1
1 L 0 914 1
1 D 688 914 1
1 L 0 420 1
1 D 660 420 1
1 L 0 440 1
1 D 723 440 1
1 L 0 673 1
1 D 327 673 1
1 L 0 794 1
1 D 123 794 1
1 L 0 736 1
1 D 645 736 1
1 L 0 275 1
1 D 314 275 1
1 L 0 314 1
1 D 617 314 1
1 L 0 376 1
1 D 787 376 1
1 L 0 852 1
1 D 541 852 1
1 L 0 426 1
1 D 23 426 1
1 L 0 936 1
1 D 510 936 1
1 L 0 924 1
1 D 727 924 1
1 L 0 205 1
1 D 102 205 1
1 L 0 309 1
1 D 130 309 1
1 L 0 591 1
1 D 485 591 1
1 L 0 268 1
1 D 661 268 1
1 L 0 201 1
1 D 763 201 1
1 L 0 557 1
1 D 527 557 1
1 L 0 814 1
1 D 678 814 1
1 L 0 404 1
1 D 154 404 1
1 L 0 691 1
1 D 193 691 1
1 L 0 560 1
1 D 584 560 1
1 L 0 113 1
1 D 178 113 1
2 L 0 614 1
2 D 659 614 1
2 L 0 645 1
2 D 339 645 1
2 L 0 133 1
2 D 11 133 1
2 L 0 534 1
2 D 71 534 1
2 L 0 609 1
2 D 36 609 1
2 L 0 539 1
2 D 52 539 1
2 L 0 636 1
2 D 534 636 1
2 L 0 130 1
2 D 40 130 1
2 L 0 157 1
2 D 513 157 1
2 L 0 918 1
2 D 157 918 1
2 L 0 136 1
2 D 778 136 1
2 L 0 593 1
2 D 447 593 1
2 L 0 511 1
2 D 76 511 1
2 L 0 936 1
2 D 452 936 1
2 L 0 834 1
2 D 743 834 1
2 L 0 691 1
2 D 89 691 1
2 L 0 672 1
2 D 356 672 1
2 L 0 935 1
2 D 775 935 1
2 L 0 0 1
2 D 393 0 1
2 L 0 616 1
2 D 593 616 1
2 L 0 164 1
2 D 757 164 1
2 L 0 486 1
2 D 37 486 1
2 L 0 28 1
2 D 209 28 1
2 L 0 360 1
2 D 679 360 1
2 L 0 604 1
2 D 425 604 1
2 L 0 461 1
2 D 217 461 1
2 L 0 384 1
2 D 494 384 1
2 L 0 908 1
2 D 728 908 1
2 L 0 336 1
2 D 313 336 1
2 L 0 75 1
2 D 700 75 1
2 L 0 267 2
2 D 303 267 2
2 L 0 375 1
2 D 277 375 1
2 L 0 874 1
2 D 471 874 1
2 L 0 628 1
2 D 577 628 1
2 L 0 911 1
2 D 302 911 1
2 L 0 80 1
2 D 767 80 1
2 L 0 607 1
2 D 6 607 1
2 L 0 53 1
2 D 308 53 1
2 L 0 141 1
2 D 211 141 1
2 L 0 499 1
2 D 412 499 1
2 L 0 128 1
2 D 585 128 1
2 L 0 787 1
2 D 520 787 1
2 L 0 994 1
2 D 464 994 1
2 L 0 649 1
2 D 348 649 1
2 L 0 63 1
2 D 152 63 1
2 L 0 772 1
2 D 150 772 1
2 L 0 871 1
2 D 676 871 1
2 L 0 600 1
2 D 766 600 1
2 L 0 794 1
2 D 438 794 1
2 L 0 377 1
2 D 770 377 1
2 L 0 802 1
2 D 715 802 1
2 L 0 892 1
2 D 750 892 1
2 L 0 920 1
2 D 688 920 1
2 L 0 483 1
2 D 660 483 1
2 L 0 453 1
2 D 723 453 1
2 L 0 782 1
2 D 645 782 1
2 L 0 296 1
2 D 314 296 1
2 L 0 477 1
2 D 617 477 1
2 L 0 588 1
2 D 787 588 1
2 L 0 20 1
2 D 594 20 1
2 L 0 877 1
2 D 541 877 1
2 L 0 404 1
2 D 124 404 1
2 L 0 438 1
2 D 23 438 1
2 L 0 407 1
2 D 549 407 1
2 L 0 955 1
2 D 510 955 1
2 L 0 707 1
2 D 102 707 1
2 L 0 139 1
2 D 53 139 1
2 L 0 348 1
2 D 130 348 1
2 L 0 429 1
2 D 432 429 1
2 L 0 593 1
2 D 485 593 1
2 L 0 278 1
2 D 661 278 1
2 L 0 361 1
2 D 763 361 1
2 L 0 671 1
2 D 527 671 1
2 L 0 846 1
2 D 678 846 1
2 L 0 477 1
2 D 154 477 1
2 L 0 803 1
2 D 193 803 1
2 L 0 587 1
2 D 584 587 1
2 L 0 216 1
2 D 178 216 1
3 L 0 755 1
3 D 339 755 1
3 L 0 653 1
3 D 11 653 1
3 L 0 789 1
3 D 71 789 1
3 L 0 648 1
3 D 36 648 1
3 L 0 385 1
3 D 653 385 1
3 L 0 855 1
3 D 52 855 1
3 L 0 673 1
3 D 534 673 1
3 L 0 183 1
3 D 40 183 1
3 L 0 257 1
3 D 513 257 1
3 L 0 929 1
3 D 157 929 1
3 L 0 163 1
3 D 778 163 1
3 L 0 656 1
3 D 447 656 1
3 L 0 537 1
3 D 76 537 1
3 L 0 787 1
3 D 89 787 1
3 L 0 66 1
3 D 153 66 1
3 L 0 372 1
3 D 134 372 1
3 L 0 953 1
3 D 356 953 1
3 L 0 50 1
3 D 393 50 1
3 L 0 652 1
3 D 593 652 1
3 L 0 189 1
3 D 757 189 1
3 L 0 684 1
3 D 37 684 1
3 L 0 162 1
3 D 209 162 1
3 L 0 382 1
3 D 679 382 1
3 L 0 624 1
3 D 425 624 1
3 L 0 840 1
3 D 217 840 1
3 L 0 426 1
3 D 494 426 1
3 L 0 920 1
3 D 728 920 1
3 L 0 427 1
3 D 313 427 1
3 L 0 252 1
3 D 700 252 1
3 L 0 272 1
3 D 303 272 1
3 L 0 601 1
3 D 277 601 1
3 L 0 994 1
3 D 471 994 1
3 L 0 637 1
3 D 577 637 1
3 L 0 114 1
3 D 284 114 1
3 L 0 214 1
3 D 767 214 1
3 L 0 29 1
3 D 333 29 1
3 L 0 851 1
3 D 6 851 1
3 L 0 258 1
3 D 308 258 1
3 L 0 587 1
3 D 211 587 1
3 L 0 547 1
3 D 412 547 1
3 L 0 155 1
3 D 585 155 1
3 L 0 804 1
3 D 520 804 1
3 L 0 67 1
3 D 152 67 1
3 L 0 781 1
3 D 150 781 1
3 L 0 673 1
3 D 766 673 1
3 L 0 836 1
3 D 438 836 1
3 L 0 439 1
3 D 770 439 1
3 L 0 112 1
3 D 110 112 1
3 L 0 587 1
3 D 660 587 1
3 L 0 985 1
3 D 723 985 1
3 L 0 80 1
3 D 386 80 1
3 L 0 316 1
3 D 788 316 1
3 L 0 850 1
3 D 645 850 1
3 L 0 809 1
3 D 314 809 1
3 L 0 557 1
3 D 617 557 1
3 L 0 679 1
3 D 787 679 1
3 L 0 62 1
3 D 594 62 1
3 L 0 919 1
3 D 541 919 1
3 L 0 440 1
3 D 23 440 1
3 L 0 785 1
3 D 549 785 1
3 L 0 642 1
3 D 3 642 1
3 L 0 749 1
3 D 102 749 1
3 L 0 323 1
3 D 53 323 1
3 L 0 362 1
3 D 130 362 1
3 L 0 551 1
3 D 432 551 1
3 L 0 736 1
3 D 485 736 1
3 L 0 416 1
3 D 661 416 1
3 L 0 384 1
3 D 763 384 1
3 L 0 703 1
3 D 527 703 1
3 L 0 851 1
3 D 678 851 1
3 L 0 577 1
3 D 154 577 1
3 L 0 862 1
3 D 193 862 1
3 L 0 679 1
3 D 584 679 1
3 L 0 243 1
3 D 178 243 1
4 L 0 5 1
4 D 591 5 1
4 L 0 904 1
4 D 339 904 1
4 L 0 856 1
4 D 11 856 1
4 L 0 791 1
4 D 71 791 1
4 L 0 736 1
4 D 36 736 1
4 L 0 628 1
4 D 653 628 1
4 L 0 931 1
4 D 52 931 1
4 L 0 710 1
4 D 534 710 1
4 L 0 215 1
4 D 40 215 1
4 L 0 278 1
4 D 513 278 1
4 L 0 948 1
4 D 157 948 1
4 L 0 219 1
4 D 778 219 1
4 L 0 690 1
4 D 447 690 1
4 L 0 816 1
4 D 76 816 1
4 L 0 94 1
4 D 220 94 1
4 L 0 548 1
4 D 338 548 1
4 L 0 819 1
4 D 89 819 1
4 L 0 105 1
4 D 153 105 1
4 L 0 486 1
4 D 134 486 1
4 L 0 41 1
4 D 97 41 1
4 L 0 99 1
4 D 393 99 1
4 L 0 802 1
4 D 593 802 1
4 L 0 265 1
4 D 757 265 1
4 L 0 758 1
4 D 37 758 1
4 L 0 237 1
4 D 209 237 1
4 L 0 449 1
4 D 679 449 1
4 L 0 625 1
4 D 425 625 1
4 L 0 927 1
4 D 217 927 1
4 L 0 440 1
4 D 494 440 1
4 L 0 531 1
4 D 313 531 1
4 L 0 460 1
4 D 700 460 1
4 L 0 455 1
4 D 303 455 1
4 L 0 658 1
4 D 277 658 1
4 L 0 691 1
4 D 577 691 1
4 L 0 142 1
4 D 284 142 1
4 L 0 52 1
4 D 790 52 1
4 L 0 334 1
4 D 767 334 1
4 L 0 296 1
4 D 333 296 1
4 L 0 290 1
4 D 308 290 1
4 L 0 668 1
4 D 412 668 1
4 L 0 220 1
4 D 585 220 1
4 L 0 935 1
4 D 520 935 1
4 L 0 89 1
4 D 561 89 1
4 L 0 66 1
4 D 798 66 1
4 L 0 149 1
4 D 152 149 1
4 L 0 840 1
4 D 150 840 1
4 L 0 26 1
4 D 784 26 1
4 L 0 691 1
4 D 766 691 1
4 L 0 481 1
4 D 770 481 1
4 L 0 261 1
4 D 621 261 1
4 L 0 189 1
4 D 110 189 1
4 L 0 321 1
4 D 164 321 1
4 L 0 67 1
4 D 507 67 1
4 L 0 776 1
4 D 660 776 1
4 L 0 96 1
4 D 386 96 1
4 L 0 451 1
4 D 788 451 1
4 L 0 863 1
4 D 645 863 1
4 L 0 902 1
4 D 314 902 1
4 L 0 560 1
4 D 617 560 1
4 L 0 107 1
4 D 594 107 1
4 L 0 946 1
4 D 541 946 1
4 L 0 227 1
4 D 273 227 1
4 L 0 459 1
4 D 23 459 1
4 L 0 832 1
4 D 549 832 1
4 L 0 129 1
4 D 128 129 1
4 L 0 961 1
4 D 3 961 1
4 L 0 779 1
4 D 102 779 1
4 L 0 382 1
4 D 130 382 1
4 L 0 620 1
4 D 432 620 1
4 L 0 773 1
4 D 485 773 1
4 L 0 420 1
4 D 661 420 1
4 L 0 397 1
4 D 763 397 1
4 L 0 743 1
4 D 527 743 1
4 L 0 937 1
4 D 678 937 1
4 L 0 598 1
4 D 154 598 1
4 L 0 739 1
4 D 584 739 1
4 L 0 257 1
4 D 178 257 1
5 L 0 200 1
5 D 591 200 1
5 L 0 992 1
5 D 339 992 1
5 L 0 982 1
5 D 11 982 1
5 L 0 741 1
5 D 36 741 1
5 L 0 772 1
5 D 534 772 1
5 L 0 305 1
5 D 40 305 1
5 L 0 431 1
5 D 513 431 1
5 L 0 224 1
5 D 778 224 1
5 L 0 710 1
5 D 447 710 1
5 L 0 212 1
5 D 220 212 1
5 L 0 883 1
5 D 89 883 1
5 L 0 302 1
5 D 153 302 1
5 L 0 111 1
5 D 25 111 1
5 L 0 279 1
5 D 97 279 1
5 L 0 213 1
5 D 393 213 1
5 L 0 923 1
5 D 593 923 1
5 L 0 488 1
5 D 757 488 1
5 L 0 935 1
5 D 37 935 1
5 L 0 239 1
5 D 209 239 1
5 L 0 474 1
5 D 679 474 1
5 L 0 698 1
5 D 425 698 1
5 L 0 953 1
5 D 217 953 1
5 L 0 622 1
5 D 494 622 1
5 L 0 380 1
5 D 696 380 1
5 L 0 664 1
5 D 313 664 1
5 L 0 601 1
5 D 700 601 1
5 L 0 594 1
5 D 303 594 1
5 L 0 719 1
5 D 277 719 1
5 L 0 142 1
5 D 298 142 1
5 L 0 741 1
5 D 577 741 1
5 L 0 161 1
5 D 284 161 1
5 L 0 199 1
5 D 790 199 1
5 L 0 557 1
5 D 767 557 1
5 L 0 312 1
5 D 333 312 1
5 L 0 185 1
5 D 49 185 1
5 L 0 455 1
5 D 308 455 1
5 L 0 129 1
5 D 343 129 1
5 L 0 715 1
5 D 412 715 1
5 L 0 420 1
5 D 585 420 1
5 L 0 956 1
5 D 520 956 1
5 L 0 90 1
5 D 561 90 1
5 L 0 117 1
5 D 798 117 1
5 L 0 277 1
5 D 152 277 1
5 L 0 845 1
5 D 150 845 1
5 L 0 92 1
5 D 784 92 1
5 L 0 794 1
5 D 766 794 1
5 L 0 242 1
5 D 50 242 1
5 L 0 500 1
5 D 770 500 1
5 L 0 453 1
5 D 621 453 1
5 L 0 734 1
5 D 110 734 1
5 L 0 644 1
5 D 164 644 1
5 L 0 121 1
5 D 507 121 1
5 L 0 785 1
5 D 660 785 1
5 L 0 26 1
5 D 711 26 1
5 L 0 99 1
5 D 386 99 1
5 L 0 702 1
5 D 788 702 1
5 L 0 639 1
5 D 617 639 1
5 L 0 10 1
5 D 566 10 1
5 L 0 420 1
5 D 594 420 1
5 L 0 434 1
5 D 273 434 1
5 L 0 474 1
5 D 23 474 1
5 L 0 997 1
5 D 128 997 1
5 L 0 561 1
5 D 42 561 1
5 L 0 471 1
5 D 130 471 1
5 L 0 947 1
5 D 432 947 1
5 L 0 971 1
5 D 485 971 1
5 L 0 434 1
5 D 661 434 1
5 L 0 398 2
5 D 763 398 2
5 L 0 790 1
5 D 527 790 1
5 L 0 644 1
5 D 154 644 1
5 L 0 53 1
5 D 408 53 1
5 L 0 827 1
5 D 584 827 1
5 L 0 401 1
5 D 178 401 1
6 L 0 209 1
6 D 591 209 1
6 L 0 87 1
6 D 249 87 1
6 L 0 163 1
6 D 17 163 1
6 L 0 255 1
6 D 668 255 1
6 L 0 872 1
6 D 534 872 1
6 L 0 388 1
6 D 40 388 1
6 L 0 465 1
6 D 513 465 1
6 L 0 35 1
6 D 160 35 1
6 L 0 365 1
6 D 778 365 1
6 L 0 829 1
6 D 447 829 1
6 L 0 162 1
6 D 436 162 1
6 L 0 215 1
6 D 220 215 1
6 L 0 116 1
6 D 207 116 1
6 L 0 911 1
6 D 89 911 1
6 L 0 653 1
6 D 153 653 1
6 L 0 820 1
6 D 462 820 1
6 L 0 360 1
6 D 25 360 1
6 L 0 287 1
6 D 97 287 1
6 L 0 514 1
6 D 393 514 1
6 L 0 521 1
6 D 757 521 1
6 L 0 967 1
6 D 37 967 1
6 L 0 883 1
6 D 209 883 1
6 L 0 534 1
6 D 679 534 1
6 L 0 723 1
6 D 425 723 1
6 L 0 977 1
6 D 217 977 1
6 L 0 806 1
6 D 494 806 1
6 L 0 730 1
6 D 696 730 1
6 L 0 686 1
6 D 313 686 1
6 L 0 649 1
6 D 700 649 1
6 L 0 626 1
6 D 303 626 1
6 L 0 736 1
6 D 277 736 1
6 L 0 931 1
6 D 298 931 1
6 L 0 844 1
6 D 577 844 1
6 L 0 219 1
6 D 284 219 1
6 L 0 275 1
6 D 790 275 1
6 L 0 622 1
6 D 767 622 1
6 L 0 419 1
6 D 333 419 1
6 L 0 189 1
6 D 49 189 1
6 L 0 563 1
6 D 308 563 1
6 L 0 164 1
6 D 343 164 1
6 L 0 854 1
6 D 412 854 1
6 L 0 424 1
6 D 585 424 1
6 L 0 964 1
6 D 520 964 1
6 L 0 348 1
6 D 561 348 1
6 L 0 282 1
6 D 798 282 1
6 L 0 375 1
6 D 152 375 1
6 L 0 926 1
6 D 150 926 1
6 L 0 164 1
6 D 784 164 1
6 L 0 345 1
6 D 50 345 1
6 L 0 684 1
6 D 770 684 1
6 L 0 653 1
6 D 164 653 1
6 L 0 164 1
6 D 507 164 1
6 L 0 787 1
6 D 660 787 1
6 L 0 110 1
6 D 711 110 1
6 L 0 157 1
6 D 386 157 1
6 L 0 709 1
6 D 788 709 1
6 L 0 397 1
6 D 780 397 1
6 L 0 75 1
6 D 583 75 1
6 L 0 739 1
6 D 617 739 1
6 L 0 68 1
6 D 566 68 1
6 L 0 643 1
6 D 594 643 1
6 L 0 17 1
6 D 781 17 1
6 L 0 489 1
6 D 23 489 1
6 L 0 97 1
6 D 375 97 1
6 L 0 71 1
6 D 684 71 1
6 L 0 8 1
6 D 552 8 1
6 L 0 741 1
6 D 42 741 1
6 L 0 550 1
6 D 130 550 1
6 L 0 481 1
6 D 661 481 1
6 L 0 474 1
6 D 763 474 1
6 L 0 845 1
6 D 527 845 1
6 L 0 372 1
6 D 374 372 1
6 L 0 832 1
6 D 154 832 1
6 L 0 122 1
6 D 408 122 1
6 L 0 414 1
6 D 178 414 1
7 L 0 275 1
7 D 591 275 1
7 L 0 115 1
7 D 450 115 1
7 L 0 41 1
7 D 782 41 1
7 L 0 326 1
7 D 249 326 1
7 L 0 862 1
7 D 514 862 1
7 L 0 362 1
7 D 17 362 1
7 L 0 671 1
7 D 668 671 1
7 L 0 445 1
7 D 40 445 1
7 L 0 517 1
7 D 513 517 1
7 L 0 50 1
7 D 160 50 1
7 L 0 386 1
7 D 778 386 1
7 L 0 230 1
7 D 436 230 1
7 L 0 372 1
7 D 220 372 1
7 L 0 121 1
7 D 207 121 1
7 L 0 773 1
7 D 153 773 1
7 L 0 837 1
7 D 462 837 1
7 L 0 616 1
7 D 25 616 1
7 L 0 480 1
7 D 97 480 1
7 L 0 745 1
7 D 393 745 1
7 L 0 30 1
7 D 670 30 1
7 L 0 727 1
7 D 757 727 1
7 L 0 995 1
7 D 37 995 1
7 L 0 796 1
7 D 679 796 1
7 L 0 765 1
7 D 425 765 1
7 L 0 836 1
7 D 494 836 1
7 L 0 765 1
7 D 696 765 1
7 L 0 719 1
7 D 700 719 1
7 L 0 646 1
7 D 303 646 1
7 L 0 853 1
7 D 277 853 1
7 L 0 983 1
7 D 298 983 1
7 L 0 346 1
7 D 284 346 1
7 L 0 450 1
7 D 790 450 1
7 L 0 732 1
7 D 767 732 1
7 L 0 632 1
7 D 333 632 1
7 L 0 277 1
7 D 49 277 1
7 L 0 989 1
7 D 308 989 1
7 L 0 338 2
7 D 343 338 2
7 L 0 875 1
7 D 412 875 1
7 L 0 504 1
7 D 585 504 1
7 L 0 382 1
7 D 561 382 1
7 L 0 380 1
7 D 798 380 1
7 L 0 645 1
7 D 152 645 1
7 L 0 999 1
7 D 150 999 1
7 L 0 173 1
7 D 784 173 1
7 L 0 426 1
7 D 138 426 1
7 L 0 350 1
7 D 50 350 1
7 L 0 687 1
7 D 770 687 1
7 L 0 186 1
7 D 601 186 1
7 L 0 66 1
7 D 292 66 1
7 L 0 701 1
7 D 164 701 1
7 L 0 168 1
7 D 507 168 1
7 L 0 879 1
7 D 660 879 1
7 L 0 231 1
7 D 711 231 1
7 L 0 322 1
7 D 386 322 1
7 L 0 540 1
7 D 780 540 1
7 L 0 107 1
7 D 583 107 1
7 L 0 834 1
7 D 617 834 1
7 L 0 71 1
7 D 566 71 1
7 L 0 922 1
7 D 594 922 1
7 L 0 114 1
7 D 781 114 1
7 L 0 11 1
7 D 554 11 1
7 L 0 614 1
7 D 23 614 1
7 L 0 104 1
7 D 375 104 1
7 L 0 81 1
7 D 727 81 1
7 L 0 132 1
7 D 684 132 1
7 L 0 691 1
7 D 552 691 1
7 L 0 809 1
7 D 42 809 1
7 L 0 601 1
7 D 130 601 1
7 L 0 57 1
7 D 95 57 1
7 L 0 32 1
7 D 719 32 1
7 L 0 678 1
7 D 661 678 1
7 L 0 476 1
7 D 763 476 1
7 L 0 431 1
7 D 374 431 1
7 L 0 875 1
7 D 154 875 1
7 L 0 161 1
7 D 408 161 1
7 L 0 87 1
7 D 640 87 1
7 L 0 688 1
7 D 178 688 1
8 L 0 315 1
8 D 591 315 1
8 L 0 286 1
8 D 450 286 1
8 L 0 301 1
8 D 782 301 1
8 L 0 552 1
8 D 249 552 1
8 L 0 970 1
8 D 514 970 1
8 L 0 781 1
8 D 668 781 1
8 L 0 239 1
8 D 70 239 1
8 L 0 512 1
8 D 40 512 1
8 L 0 522 1
8 D 513 522 1
8 L 0 113 1
8 D 160 113 1
8 L 0 391 1
8 D 778 391 1
8 L 0 242 1
8 D 400 242 1
8 L 0 268 1
8 D 436 268 1
8 L 0 401 1
8 D 220 401 1
8 L 0 154 1
8 D 207 154 1
8 L 0 92 1
8 D 506 92 1
8 L 0 875 1
8 D 153 875 1
8 L 0 872 1
8 D 25 872 1
8 L 0 991 1
8 D 393 991 1
8 L 0 66 1
8 D 670 66 1
8 L 0 739 1
8 D 757 739 1
8 L 0 467 1
8 D 458 467 1
8 L 0 803 1
8 D 679 803 1
8 L 0 789 1
8 D 425 789 1
8 L 0 80 1
8 D 402 80 1
8 L 0 844 1
8 D 494 844 1
8 L 0 817 1
8 D 696 817 1
8 L 0 50 1
8 D 543 50 1
8 L 0 867 1
8 D 700 867 1
8 L 0 726 1
8 D 303 726 1
8 L 0 869 1
8 D 277 869 1
8 L 0 15 1
8 D 413 15 1
8 L 0 538 1
8 D 284 538 1
8 L 0 484 1
8 D 790 484 1
8 L 0 809 1
8 D 767 809 1
8 L 0 719 1
8 D 333 719 1
8 L 0 455 1
8 D 49 455 1
8 L 0 370 1
8 D 343 370 1
8 L 0 876 1
8 D 412 876 1
8 L 0 642 1
8 D 585 642 1
8 L 0 189 1
8 D 674 189 1
8 L 0 647 1
8 D 561 647 1
8 L 0 588 1
8 D 798 588 1
8 L 0 689 1
8 D 152 689 1
8 L 0 345 1
8 D 784 345 1
8 L 0 504 1
8 D 138 504 1
8 L 0 749 1
8 D 50 749 1
8 L 0 796 1
8 D 770 796 1
8 L 0 261 1
8 D 601 261 1
8 L 0 249 1
8 D 292 249 1
8 L 0 823 1
8 D 164 823 1
8 L 0 453 1
8 D 507 453 1
8 L 0 906 1
8 D 660 906 1
8 L 0 242 1
8 D 711 242 1
8 L 0 678 1
8 D 386 678 1
8 L 0 64 1
8 D 693 64 1
8 L 0 560 1
8 D 780 560 1
8 L 0 282 1
8 D 583 282 1
8 L 0 850 1
8 D 617 850 1
8 L 0 141 1
8 D 566 141 1
8 L 0 116 1
8 D 781 116 1
8 L 0 113 1
8 D 554 113 1
8 L 0 652 1
8 D 23 652 1
8 L 0 261 1
8 D 375 261 1
8 L 0 84 1
8 D 727 84 1
8 L 0 208 1
8 D 684 208 1
8 L 0 979 1
8 D 42 979 1
8 L 0 712 1
8 D 130 712 1
8 L 0 114 1
8 D 95 114 1
8 L 0 135 1
8 D 719 135 1
8 L 0 802 1
8 D 661 802 1
8 L 0 483 1
8 D 763 483 1
8 L 0 133 1
8 D 678 133 1
8 L 0 489 1
8 D 374 489 1
8 L 0 915 1
8 D 154 915 1
8 L 0 201 1
8 D 408 201 1
8 L 0 178 1
8 D 640 178 1
8 L 0 801 1
8 D 178 801 1
9 L 0 344 1
9 D 591 344 1
9 L 0 350 1
9 D 450 350 1
9 L 0 543 1
9 D 782 543 1
9 L 0 793 1
9 D 249 793 1
9 L 0 720 1
9 D 449 720 1
9 L 0 835 1
9 D 668 835 1
9 L 0 251 1
9 D 70 251 1
9 L 0 684 1
9 D 40 684 1
9 L 0 595 1
9 D 513 595 1
9 L 0 178 1
9 D 160 178 1
9 L 0 533 1
9 D 778 533 1
9 L 0 277 1
9 D 400 277 1
9 L 0 427 1
9 D 436 427 1
9 L 0 411 1
9 D 220 411 1
9 L 0 302 1
9 D 207 302 1
9 L 0 123 1
9 D 506 123 1
9 L 0 108 1
9 D 698 108 1
9 L 0 937 1
9 D 25 937 1
9 L 0 35 1
9 D 526 35 1
9 L 0 105 1
9 D 670 105 1
9 L 0 787 1
9 D 757 787 1
9 L 0 100 1
9 D 457 100 1
9 L 0 571 1
9 D 458 571 1
9 L 0 836 1
9 D 679 836 1
9 L 0 796 1
9 D 425 796 1
9 L 0 111 1
9 D 402 111 1
9 L 0 892 1
9 D 494 892 1
9 L 0 819 1
9 D 696 819 1
9 L 0 133 1
9 D 543 133 1
9 L 0 819 1
9 D 303 819 1
9 L 0 896 1
9 D 277 896 1
9 L 0 28 1
9 D 717 28 1
9 L 0 41 1
9 D 413 41 1
9 L 0 684 1
9 D 284 684 1
9 L 0 508 1
9 D 790 508 1
9 L 0 775 1
9 D 333 775 1
9 L 0 520 1
9 D 49 520 1
9 L 0 81 1
9 D 382 81 1
9 L 0 415 1
9 D 343 415 1
9 L 0 959 1
9 D 412 959 1
9 L 0 698 1
9 D 585 698 1
9 L 0 416 1
9 D 674 416 1
9 L 0 690 1
9 D 561 690 1
9 L 0 593 1
9 D 798 593 1
9 L 0 764 1
9 D 152 764 1
9 L 0 133 1
9 D 444 133 1
9 L 0 346 1
9 D 784 346 1
9 L 0 545 1
9 D 138 545 1
9 L 0 809 1
9 D 770 809 1
9 L 0 388 1
9 D 601 388 1
9 L 0 719 1
9 D 292 719 1
9 L 0 533 1
9 D 507 533 1
9 L 0 962 1
9 D 660 962 1
9 L 0 411 1
9 D 711 411 1
9 L 0 751 1
9 D 386 751 1
9 L 0 116 1
9 D 693 116 1
9 L 0 595 1
9 D 780 595 1
9 L 0 393 1
9 D 583 393 1
9 L 0 950 1
9 D 617 950 1
9 L 0 278 1
9 D 566 278 1
9 L 0 214 1
9 D 740 214 1
9 L 0 172 1
9 D 781 172 1
9 L 0 125 1
9 D 554 125 1
9 L 0 724 1
9 D 23 724 1
9 L 0 270 1
9 D 375 270 1
9 L 0 107 1
9 D 727 107 1
9 L 0 266 1
9 D 684 266 1
9 L 0 99 1
9 D 82 99 1
9 L 0 788 1
9 D 130 788 1
9 L 0 347 1
9 D 95 347 1
9 L 0 229 1
9 D 719 229 1
9 L 0 904 1
9 D 661 904 1
9 L 0 649 1
9 D 763 649 1
9 L 0 299 1
9 D 678 299 1
9 L 0 593 1
9 D 374 593 1
9 L 0 926 1
9 D 154 926 1
9 L 0 560 1
9 D 408 560 1
9 L 0 775 1
9 D 640 775 1
10 L 0 348 1
10 D 591 348 1
10 L 0 424 1
10 D 450 424 1
10 L 0 906 1
10 D 782 906 1
10 L 0 819 1
10 D 249 819 1
10 L 0 218 1
10 D 1 218 1
10 L 0 730 1
10 D 449 730 1
10 L 0 981 1
10 D 668 981 1
10 L 0 371 1
10 D 70 371 1
10 L 0 772 1
10 D 40 772 1
10 L 0 738 1
10 D 513 738 1
10 L 0 365 1
10 D 160 365 1
10 L 0 580 1
10 D 778 580 1
10 L 0 535 1
10 D 400 535 1
10 L 0 452 1
10 D 436 452 1
10 L 0 615 1
10 D 220 615 1
10 L 0 347 1
10 D 207 347 1
10 L 0 242 1
10 D 506 242 1
10 L 0 74 1
10 D 652 74 1
10 L 0 158 1
10 D 698 158 1
10 L 0 127 1
10 D 526 127 1
10 L 0 256 1
10 D 362 256 1
10 L 0 372 2
10 D 670 372 2
10 L 0 862 1
10 D 757 862 1
10 L 0 168 1
10 D 457 168 1
10 L 0 591 1
10 D 458 591 1
10 L 0 841 1
10 D 679 841 1
10 L 0 905 1
10 D 425 905 1
10 L 0 184 1
10 D 402 184 1
10 L 0 916 1
10 D 494 916 1
10 L 0 905 1
10 D 696 905 1
10 L 0 508 1
10 D 543 508 1
10 L 0 97 1
10 D 396 97 1
10 L 0 968 1
10 D 303 968 1
10 L 0 939 1
10 D 277 939 1
10 L 0 220 1
10 D 717 220 1
10 L 0 151 1
10 D 413 151 1
10 L 0 707 1
10 D 284 707 1
10 L 0 662 1
10 D 790 662 1
10 L 0 37 1
10 D 630 37 1
10 L 0 790 1
10 D 333 790 1
10 L 0 691 1
10 D 49 691 1
10 L 0 132 1
10 D 382 132 1
10 L 0 611 1
10 D 343 611 1
10 L 0 739 1
10 D 585 739 1
10 L 0 576 1
10 D 674 576 1
10 L 0 654 1
10 D 798 654 1
10 L 0 929 1
10 D 152 929 1
10 L 0 210 1
10 D 444 210 1
10 L 0 660 1
10 D 784 660 1
10 L 0 600 1
10 D 138 600 1
10 L 0 558 1
10 D 175 558 1
10 L 0 887 1
10 D 770 887 1
10 L 0 501 1
10 D 601 501 1
10 L 0 795 1
10 D 292 795 1
10 L 0 372 1
10 D 631 372 1
10 L 0 659 1
10 D 507 659 1
10 L 0 463 1
10 D 711 463 1
10 L 0 889 1
10 D 386 889 1
10 L 0 773 1
10 D 693 773 1
10 L 0 658 1
10 D 780 658 1
10 L 0 394 1
10 D 583 394 1
10 L 0 337 1
10 D 566 337 1
10 L 0 404 1
10 D 740 404 1
10 L 0 251 1
10 D 781 251 1
10 L 0 168 1
10 D 554 168 1
10 L 0 775 1
10 D 23 775 1
10 L 0 355 1
10 D 375 355 1
10 L 0 139 1
10 D 727 139 1
10 L 0 383 1
10 D 684 383 1
10 L 0 104 1
10 D 82 104 1
10 L 0 235 1
10 D 421 235 1
10 L 0 415 1
10 D 95 415 1
10 L 0 435 1
10 D 719 435 1
10 L 0 988 1
10 D 661 988 1
10 L 0 669 1
10 D 763 669 1
10 L 0 323 1
10 D 678 323 1
10 L 0 624 1
10 D 408 624 1
10 L 0 799 1
10 D 640 799 1
10 L 0 63 1
10 D 548 63 1
11 L 0 488 1
11 D 591 488 1
11 L 0 717 1
11 D 450 717 1
11 L 0 247 1
11 D 1 247 1
11 L 0 424 1
11 D 70 424 1
11 L 0 795 1
11 D 40 795 1
11 L 0 779 1
11 D 513 779 1
11 L 0 411 1
11 D 160 411 1
11 L 0 581 1
11 D 778 581 1
11 L 0 586 1
11 D 400 586 1
11 L 0 508 1
11 D 436 508 1
11 L 0 478 1
11 D 207 478 1
11 L 0 290 1
11 D 506 290 1
11 L 0 149 1
11 D 652 149 1
11 L 0 283 1
11 D 698 283 1
11 L 0 332 1
11 D 525 332 1
11 L 0 563 1
11 D 526 563 1
11 L 0 335 1
11 D 362 335 1
11 L 0 414 1
11 D 670 414 1
11 L 0 951 1
11 D 757 951 1
11 L 0 283 1
11 D 457 283 1
11 L 0 738 1
11 D 458 738 1
11 L 0 905 1
11 D 679 905 1
11 L 0 992 1
11 D 425 992 1
11 L 0 332 1
11 D 402 332 1
11 L 0 974 1
11 D 494 974 1
11 L 0 535 1
11 D 543 535 1
11 L 0 175 1
11 D 396 175 1
11 L 0 994 1
11 D 303 994 1
11 L 0 972 1
11 D 277 972 1
11 L 0 296 1
11 D 717 296 1
11 L 0 218 1
11 D 413 218 1
11 L 0 861 1
11 D 284 861 1
11 L 0 730 1
11 D 790 730 1
11 L 0 136 1
11 D 630 136 1
11 L 0 831 1
11 D 333 831 1
11 L 0 808 1
11 D 49 808 1
11 L 0 296 1
11 D 382 296 1
11 L 0 710 1
11 D 343 710 1
11 L 0 305 1
11 D 33 305 1
11 L 0 753 1
11 D 585 753 1
11 L 0 707 1
11 D 674 707 1
11 L 0 452 1
11 D 216 452 1
11 L 0 691 1
11 D 798 691 1
11 L 0 954 1
11 D 152 954 1
11 L 0 359 1
11 D 444 359 1
11 L 0 676 1
11 D 784 676 1
11 L 0 772 1
11 D 138 772 1
11 L 0 973 1
11 D 601 973 1
11 L 0 960 1
11 D 292 960 1
11 L 0 870 1
11 D 631 870 1
11 L 0 726 1
11 D 507 726 1
11 L 0 68 1
11 D 228 68 1
11 L 0 549 1
11 D 711 549 1
11 L 0 896 1
11 D 386 896 1
11 L 0 891 1
11 D 693 891 1
11 L 0 781 1
11 D 780 781 1
11 L 0 438 1
11 D 583 438 1
11 L 0 727 1
11 D 547 727 1
11 L 0 347 1
11 D 566 347 1
11 L 0 486 1
11 D 740 486 1
11 L 0 261 2
11 D 781 261 2
11 L 0 189 1
11 D 554 189 1
11 L 0 778 1
11 D 23 778 1
11 L 0 620 1
11 D 375 620 1
11 L 0 154 1
11 D 727 154 1
11 L 0 647 1
11 D 684 647 1
11 L 0 114 1
11 D 82 114 1
11 L 0 257 1
11 D 421 257 1
11 L 0 121 1
11 D 641 121 1
11 L 0 525 1
11 D 95 525 1
11 L 0 561 1
11 D 719 561 1
11 L 0 678 1
11 D 763 678 1
11 L 0 443 1
11 D 678 443 1
11 L 0 43 1
11 D 199 43 1
11 L 0 52 1
11 D 193 52 1
11 L 0 936 1
11 D 408 936 1
11 L 0 803 1
11 D 640 803 1
11 L 0 67 1
11 D 548 67 1
12 L 0 562 1
12 D 591 562 1
12 L 0 722 1
12 D 450 722 1
12 L 0 301 1
12 D 332 301 1
12 L 0 30 1
12 D 36 30 1
12 L 0 500 1
12 D 1 500 1
12 L 0 162 1
12 D 312 162 1
12 L 0 401 1
12 D 422 401 1
12 L 0 560 1
12 D 70 560 1
12 L 0 824 1
12 D 40 824 1
12 L 0 883 1
12 D 513 883 1
12 L 0 424 1
12 D 160 424 1
12 L 0 604 1
12 D 778 604 1
12 L 0 604 1
12 D 400 604 1
12 L 0 119 1
12 D 596 119 1
12 L 0 529 1
12 D 207 529 1
12 L 0 297 1
12 D 506 297 1
12 L 0 560 1
12 D 652 560 1
12 L 0 446 1
12 D 698 446 1
12 L 0 499 1
12 D 525 499 1
12 L 0 646 1
12 D 526 646 1
12 L 0 739 1
12 D 362 739 1
12 L 0 688 1
12 D 670 688 1
12 L 0 465 1
12 D 457 465 1
12 L 0 978 1
12 D 458 978 1
12 L 0 920 1
12 D 679 920 1
12 L 0 375 1
12 D 402 375 1
12 L 0 31 1
12 D 321 31 1
12 L 0 582 1
12 D 543 582 1
12 L 0 229 1
12 D 396 229 1
12 L 0 310 1
12 D 717 310 1
12 L 0 401 1
12 D 413 401 1
12 L 0 884 1
12 D 284 884 1
12 L 0 780 1
12 D 790 780 1
12 L 0 244 1
12 D 630 244 1
12 L 0 849 1
12 D 333 849 1
12 L 0 823 1
12 D 49 823 1
12 L 0 382 1
12 D 382 382 1
12 L 0 722 1
12 D 343 722 1
12 L 0 422 1
12 D 33 422 1
12 L 0 806 1
12 D 585 806 1
12 L 0 761 1
12 D 674 761 1
12 L 0 749 1
12 D 798 749 1
12 L 0 553 1
12 D 444 553 1
12 L 0 688 1
12 D 784 688 1
12 L 0 786 1
12 D 138 786 1
12 L 0 81 1
12 D 244 81 1
12 L 0 66 1
12 D 715 66 1
12 L 0 863 1
12 D 507 863 1
12 L 0 151 1
12 D 228 151 1
12 L 0 847 1
12 D 711 847 1
12 L 0 958 1
12 D 386 958 1
12 L 0 904 1
12 D 780 904 1
12 L 0 589 1
12 D 583 589 1
12 L 0 852 1
12 D 547 852 1
12 L 0 364 1
12 D 566 364 1
12 L 0 488 1
12 D 740 488 1
12 L 0 292 1
12 D 781 292 1
12 L 0 256 1
12 D 554 256 1
12 L 0 788 1
12 D 23 788 1
12 L 0 758 1
12 D 375 758 1
12 L 0 254 1
12 D 727 254 1
12 L 0 680 1
12 D 684 680 1
12 L 0 184 1
12 D 82 184 1
12 L 0 437 1
12 D 421 437 1
12 L 0 283 1
12 D 641 283 1
12 L 0 638 1
12 D 95 638 1
12 L 0 687 1
12 D 719 687 1
12 L 0 443 1
12 D 627 443 1
12 L 0 911 1
12 D 763 911 1
12 L 0 660 1
12 D 678 660 1
12 L 0 569 1
12 D 199 569 1
12 L 0 169 1
12 D 193 169 1
12 L 0 121 1
12 D 548 121 1
13 L 0 593 1
13 D 591 593 1
13 L 0 753 1
13 D 450 753 1
13 L 0 627 1
13 D 332 627 1
13 L 0 51 1
13 D 36 51 1
13 L 0 782 1
13 D 1 782 1
13 L 0 263 1
13 D 312 263 1
13 L 0 444 1
13 D 422 444 1
13 L 0 971 1
13 D 70 971 1
13 L 0 962 1
13 D 40 962 1
13 L 0 430 1
13 D 160 430 1
13 L 0 720 1
13 D 778 720 1
13 L 0 658 1
13 D 400 658 1
13 L 0 158 1
13 D 149 158 1
13 L 0 289 1
13 D 596 289 1
13 L 0 367 1
13 D 506 367 1
13 L 0 759 1
13 D 652 759 1
13 L 0 452 1
13 D 698 452 1
13 L 0 699 1
13 D 526 699 1
13 L 0 883 1
13 D 362 883 1
13 L 0 690 1
13 D 670 690 1
13 L 0 181 1
13 D 691 181 1
13 L 0 489 1
13 D 457 489 1
13 L 0 75 1
13 D 217 75 1
13 L 0 464 1
13 D 402 464 1
13 L 0 7 1
13 D 728 7 1
13 L 0 86 1
13 D 321 86 1
13 L 0 597 1
13 D 543 597 1
13 L 0 235 1
13 D 396 235 1
13 L 0 4 1
13 D 277 4 1
13 L 0 384 1
13 D 681 384 1
13 L 0 375 1
13 D 717 375 1
13 L 0 434 1
13 D 413 434 1
13 L 0 896 1
13 D 284 896 1
13 L 0 861 1
13 D 790 861 1
13 L 0 286 1
13 D 630 286 1
13 L 0 861 1
13 D 333 861 1
13 L 0 891 1
13 D 49 891 1
13 L 0 396 1
13 D 382 396 1
13 L 0 726 1
13 D 343 726 1
13 L 0 490 1
13 D 33 490 1
13 L 0 46 1
13 D 115 46 1
13 L 0 800 1
13 D 798 800 1
13 L 0 86 1
13 D 150 86 1
13 L 0 741 1
13 D 784 741 1
13 L 0 914 1
13 D 138 914 1
13 L 0 375 1
13 D 244 375 1
13 L 0 116 1
13 D 715 116 1
13 L 0 468 1
13 D 162 468 1
13 L 0 41 1
13 D 750 41 1
13 L 0 265 1
13 D 688 265 1
13 L 0 879 1
13 D 507 879 1
13 L 0 103 1
13 D 645 103 1
13 L 0 674 1
13 D 583 674 1
13 L 0 875 1
13 D 547 875 1
13 L 0 414 1
13 D 566 414 1
13 L 0 501 1
13 D 740 501 1
13 L 0 372 1
13 D 781 372 1
13 L 0 384 1
13 D 554 384 1
13 L 0 855 1
13 D 23 855 1
13 L 0 296 1
13 D 727 296 1
13 L 0 720 1
13 D 684 720 1
13 L 0 220 1
13 D 82 220 1
13 L 0 492 1
13 D 421 492 1
13 L 0 295 1
13 D 641 295 1
13 L 0 680 1
13 D 95 680 1
13 L 0 707 1
13 D 719 707 1
13 L 0 470 1
13 D 627 470 1
13 L 0 713 1
13 D 678 713 1
13 L 0 777 1
13 D 199 777 1
13 L 0 201 1
13 D 193 201 1
13 L 0 121 1
13 D 584 121 1
13 L 0 67 1
13 D 258 67 1
13 L 0 127 1
14 D 450 910 1
14 L 0 743 1
14 D 332 743 1
14 L 0 104 1
14 D 36 104 1
14 L 0 794 1
14 D 1 794 1
14 L 0 398 1
14 D 312 398 1
14 L 0 751 1
14 D 422 751 1
14 L 0 169 1
14 D 157 169 1
14 L 0 522 1
14 D 160 522 1
14 L 0 927 1
14 D 778 927 1
14 L 0 681 1
14 D 400 681 1
14 L 0 432 1
14 D 149 432 1
14 L 0 526 1
14 D 596 526 1
14 L 0 66 1
14 D 21 66 1
14 L 0 372 1
14 D 506 372 1
14 L 0 874 1
14 D 652 874 1
14 L 0 547 1
14 D 698 547 1
14 L 0 159 1
14 D 794 159 1
14 L 0 747 1
14 D 526 747 1
14 L 0 846 1
14 D 670 846 1
14 L 0 237 1
14 D 691 237 1
14 L 0 597 1
14 D 457 597 1
14 L 0 49 1
14 D 679 49 1
14 L 0 112 1
14 D 425 112 1
14 L 0 83 1
14 D 217 83 1
14 L 0 530 1
14 D 402 530 1
14 L 0 111 1
14 D 728 111 1
14 L 0 89 1
14 D 321 89 1
14 L 0 606 1
14 D 543 606 1
14 L 0 478 1
14 D 396 478 1
14 L 0 16 1
14 D 277 16 1
14 L 0 789 1
14 D 681 789 1
14 L 0 419 1
14 D 717 419 1
14 L 0 463 1
14 D 413 463 1
14 L 0 417 1
14 D 630 417 1
14 L 0 935 1
14 D 333 935 1
14 L 0 549 1
14 D 382 549 1
14 L 0 798 1
14 D 343 798 1
14 L 0 553 1
14 D 33 553 1
14 L 0 11 1
14 D 520 11 1
14 L 0 44 1
14 D 464 44 1
14 L 0 132 1
14 D 115 132 1
14 L 0 813 1
14 D 798 813 1
14 L 0 97 1
14 D 150 97 1
14 L 0 131 1
14 D 676 131 1
14 L 0 764 1
14 D 784 764 1
14 L 0 594 1
14 D 244 594 1
14 L 0 264 1
14 D 715 264 1
14 L 0 482 1
14 D 162 482 1
14 L 0 153 1
14 D 750 153 1
14 L 0 283 1
14 D 688 283 1
14 L 0 242 1
14 D 723 242 1
14 L 0 35 1
14 D 327 35 1
14 L 0 68 1
14 D 123 68 1
14 L 0 211 1
14 D 645 211 1
14 L 0 28 1
14 D 783 28 1
14 L 0 880 1
14 D 583 880 1
14 L 0 962 1
14 D 547 962 1
14 L 0 461 1
14 D 566 461 1
14 L 0 615 1
14 D 740 615 1
14 L 0 375 1
14 D 781 375 1
14 L 0 446 1
14 D 554 446 1
14 L 0 915 1
14 D 23 915 1
14 L 0 18 1
14 D 510 18 1
14 L 0 303 1
14 D 727 303 1
14 L 0 748 1
14 D 684 748 1
14 L 0 292 1
14 D 82 292 1
14 L 0 525 1
14 D 421 525 1
14 L 0 443 1
14 D 641 443 1
14 L 0 940 1
14 D 95 940 1
14 L 0 743 1
14 D 719 743 1
14 L 0 513 1
14 D 627 513 1
14 L 0 105 1
14 D 527 105 1
14 L 0 722 1
14 D 678 722 1
14 L 0 789 1
14 D 199 789 1
14 L 0 247 1
14 D 193 247 1
14 L 0 136 1
14 D 584 136 1
14 L 0 407 1
14 D 258 407 1
15 L 0 8 1
15 D 339 8 1
15 L 0 914 1
15 D 450 914 1
15 L 0 139 1
15 D 36 139 1
15 L 0 963 1
15 D 1 963 1
15 L 0 431 1
15 D 312 431 1
15 L 0 917 1
15 D 422 917 1
15 L 0 104 1
15 D 619 104 1
15 L 0 168 1
15 D 259 168 1
15 L 0 181 1
15 D 157 181 1
15 L 0 563 1
15 D 160 563 1
15 L 0 688 1
15 D 400 688 1
15 L 0 635 1
15 D 596 635 1
15 L 0 107 1
15 D 21 107 1
15 L 0 376 1
15 D 506 376 1
15 L 0 937 1
15 D 652 937 1
15 L 0 721 1
15 D 698 721 1
15 L 0 238 1
15 D 794 238 1
15 L 0 785 1
15 D 526 785 1
15 L 0 239 1
15 D 411 239 1
15 L 0 965 1
15 D 670 965 1
15 L 0 622 1
15 D 691 622 1
15 L 0 626 1
15 D 457 626 1
15 L 0 56 1
15 D 679 56 1
15 L 0 184 1
15 D 425 184 1
15 L 0 97 1
15 D 217 97 1
15 L 0 852 1
15 D 402 852 1
15 L 0 133 1
15 D 728 133 1
15 L 0 196 1
15 D 321 196 1
15 L 0 706 1
15 D 543 706 1
15 L 0 904 1
15 D 396 904 1
15 L 0 52 1
15 D 277 52 1
15 L 0 857 1
15 D 717 857 1
15 L 0 647 1
15 D 413 647 1
15 L 0 10 1
15 D 302 10 1
15 L 0 208 1
15 D 294 208 1
15 L 0 557 1
15 D 630 557 1
15 L 0 80 1
15 D 508 80 1
15 L 0 555 1
15 D 382 555 1
15 L 0 856 1
15 D 343 856 1
15 L 0 562 1
15 D 33 562 1
15 L 0 164 1
15 D 520 164 1
15 L 0 145 1
15 D 464 145 1
15 L 0 296 1
15 D 115 296 1
15 L 0 862 1
15 D 798 862 1
15 L 0 319 1
15 D 150 319 1
15 L 0 218 1
15 D 676 218 1
15 L 0 819 1
15 D 784 819 1
15 L 0 119 1
15 D 438 119 1
15 L 0 870 1
15 D 244 870 1
15 L 0 326 1
15 D 715 326 1
15 L 0 492 1
15 D 162 492 1
15 L 0 159 1
15 D 750 159 1
15 L 0 390 1
15 D 688 390 1
15 L 0 14 1
15 D 660 14 1
15 L 0 290 1
15 D 723 290 1
15 L 0 110 1
15 D 327 110 1
15 L 0 130 1
15 D 123 130 1
15 L 0 300 1
15 D 645 300 1
15 L 0 459 1
15 D 783 459 1
15 L 0 956 1
15 D 583 956 1
15 L 0 471 1
15 D 566 471 1
15 L 0 890 1
15 D 740 890 1
15 L 0 450 1
15 D 781 450 1
15 L 0 548 1
15 D 554 548 1
15 L 0 961 1
15 D 23 961 1
15 L 0 375 1
15 D 510 375 1
15 L 0 357 1
15 D 727 357 1
15 L 0 780 1
15 D 684 780 1
15 L 0 422 1
15 D 82 422 1
15 L 0 833 1
15 D 421 833 1
15 L 0 618 1
15 D 641 618 1
15 L 0 764 1
15 D 719 764 1
15 L 0 543 1
15 D 627 543 1
15 L 0 197 1
15 D 527 197 1
15 L 0 733 1
15 D 678 733 1
15 L 0 297 1
15 D 193 297 1
15 L 0 358 1
15 D 584 358 1
15 L 0 534 1
15 D 258 534 1
16 L 0 76 1
16 D 339 76 1
16 L 0 935 1
16 D 450 935 1
16 L 0 160 1
16 D 71 160 1
16 L 0 338 1
16 D 36 338 1
16 L 0 590 1
16 D 312 590 1
16 L 0 293 1
16 D 619 293 1
16 L 0 360 1
16 D 259 360 1
16 L 0 275 1
16 D 157 275 1
16 L 0 584 1
16 D 160 584 1
16 L 0 37 1
16 D 365 37 1
16 L 0 904 1
16 D 400 904 1
16 L 0 2 1
16 D 452 2 1
16 L 0 779 1
16 D 21 779 1
16 L 0 411 1
16 D 506 411 1
16 L 0 727 1
16 D 698 727 1
16 L 0 538 1
16 D 794 538 1
16 L 0 911 1
16 D 526 911 1
16 L 0 739 1
16 D 411 739 1
16 L 0 970 1
16 D 670 970 1
16 L 0 966 1
16 D 691 966 1
16 L 0 643 1
16 D 457 643 1
16 L 0 105 1
16 D 679 105 1
16 L 0 226 1
16 D 425 226 1
16 L 0 197 1
16 D 217 197 1
16 L 0 946 1
16 D 402 946 1
16 L 0 216 1
16 D 728 216 1
16 L 0 216 1
16 D 321 216 1
16 L 0 801 1
16 D 543 801 1
16 L 0 58 1
16 D 277 58 1
16 L 0 184 1
16 D 471 184 1
16 L 0 933 1
16 D 717 933 1
16 L 0 761 1
16 D 413 761 1
16 L 0 353 1
16 D 302 353 1
16 L 0 270 1
16 D 294 270 1
16 L 0 589 1
16 D 630 589 1
16 L 0 52 1
16 D 6 52 1
16 L 0 151 1
16 D 508 151 1
16 L 0 854 1
16 D 382 854 1
16 L 0 941 1
16 D 343 941 1
16 L 0 719 1
16 D 33 719 1
16 L 0 338 1
16 D 520 338 1
16 L 0 312 1
16 D 464 312 1
16 L 0 477 1
16 D 115 477 1
16 L 0 920 1
16 D 798 920 1
16 L 0 345 1
16 D 150 345 1
16 L 0 278 1
16 D 676 278 1
16 L 0 836 1
16 D 784 836 1
16 L 0 276 1
16 D 438 276 1
16 L 0 379 1
16 D 715 379 1
16 L 0 794 1
16 D 162 794 1
16 L 0 230 1
16 D 750 230 1
16 L 0 453 1
16 D 688 453 1
16 L 0 102 1
16 D 660 102 1
16 L 0 296 1
16 D 723 296 1
16 L 0 167 1
16 D 327 167 1
16 L 0 163 1
16 D 123 163 1
16 L 0 347 1
16 D 645 347 1
16 L 0 906 1
16 D 783 906 1
16 L 0 168 1
16 D 787 168 1
16 L 0 643 1
16 D 566 643 1
16 L 0 456 1
16 D 781 456 1
16 L 0 615 1
16 D 554 615 1
16 L 0 489 1
16 D 510 489 1
16 L 0 385 1
16 D 727 385 1
16 L 0 821 1
16 D 684 821 1
16 L 0 589 1
16 D 82 589 1
16 L 0 349 1
16 D 485 349 1
16 L 0 896 1
16 D 719 896 1
16 L 0 622 1
16 D 627 622 1
16 L 0 241 1
16 D 527 241 1
16 L 0 741 1
16 D 678 741 1
16 L 0 19 1
16 D 154 19 1
16 L 0 305 1
16 D 193 305 1
16 L 0 396 1
16 D 584 396 1
16 L 0 790 1
16 D 258 790 1
17 L 0 303 1
17 D 339 303 1
17 L 0 455 1
17 D 71 455 1
17 L 0 384 2
17 D 36 384 2
17 L 0 88 1
17 D 159 88 1
17 L 0 773 1
17 D 312 773 1
17 L 0 149 1
17 D 534 149 1
17 L 0 442 1
17 D 619 442 1
17 L 0 382 1
17 D 259 382 1
17 L 0 358 1
17 D 157 358 1
17 L 0 608 1
17 D 160 608 1
17 L 0 270 1
17 D 365 270 1
17 L 0 685 1
17 D 452 685 1
17 L 0 16 1
17 D 743 16 1
17 L 0 780 1
17 D 21 780 1
17 L 0 500 1
17 D 506 500 1
17 L 0 139 1
17 D 370 139 1
17 L 0 731 1
17 D 698 731 1
17 L 0 727 1
17 D 794 727 1
17 L 0 859 1
17 D 411 859 1
17 L 0 976 1
17 D 670 976 1
17 L 0 678 1
17 D 457 678 1
17 L 0 144 1
17 D 679 144 1
17 L 0 322 1
17 D 425 322 1
17 L 0 297 1
17 D 217 297 1
17 L 0 296 1
17 D 728 296 1
17 L 0 406 1
17 D 321 406 1
17 L 0 18 1
17 D 303 18 1
17 L 0 200 1
17 D 277 200 1
17 L 0 195 1
17 D 471 195 1
17 L 0 815 1
17 D 413 815 1
17 L 0 412 1
17 D 302 412 1
17 L 0 288 1
17 D 294 288 1
17 L 0 622 1
17 D 630 622 1
17 L 0 85 1
17 D 6 85 1
17 L 0 716 1
17 D 508 716 1
17 L 0 857 1
17 D 382 857 1
17 L 0 971 1
17 D 343 971 1
17 L 0 854 1
17 D 33 854 1
17 L 0 554 1
17 D 520 554 1
17 L 0 455 1
17 D 464 455 1
17 L 0 618 1
17 D 115 618 1
17 L 0 946 1
17 D 798 946 1
17 L 0 456 1
17 D 150 456 1
17 L 0 402 1
17 D 676 402 1
17 L 0 935 1
17 D 784 935 1
17 L 0 346 1
17 D 438 346 1
17 L 0 126 1
17 D 770 126 1
17 L 0 399 1
17 D 715 399 1
17 L 0 297 1
17 D 750 297 1
17 L 0 469 1
17 D 688 469 1
17 L 0 159 1
17 D 660 159 1
17 L 0 349 1
17 D 723 349 1
17 L 0 194 1
17 D 327 194 1
17 L 0 270 1
17 D 123 270 1
17 L 0 553 1
17 D 645 553 1
17 L 0 45 1
17 D 617 45 1
17 L 0 175 1
17 D 787 175 1
17 L 0 681 1
17 D 566 681 1
17 L 0 243 1
17 D 541 243 1
17 L 0 552 1
17 D 781 552 1
17 L 0 730 1
17 D 554 730 1
17 L 0 889 1
17 D 465 889 1
17 L 0 519 1
17 D 510 519 1
17 L 0 411 1
17 D 727 411 1
17 L 0 845 1
17 D 684 845 1
17 L 0 591 1
17 D 82 591 1
17 L 0 104 1
17 D 130 104 1
17 L 0 17 1
17 D 279 17 1
17 L 0 354 1
17 D 485 354 1
17 L 0 974 1
17 D 719 974 1
17 L 0 666 1
17 D 627 666 1
17 L 0 255 1
17 D 527 255 1
17 L 0 747 1
17 D 678 747 1
17 L 0 159 1
17 D 154 159 1
17 L 0 350 1
17 D 193 350 1
17 L 0 440 1
17 D 584 440 1
17 L 0 961 1
17 D 258 961 1
18 L 0 415 1
18 D 339 415 1
18 L 0 724 1
18 D 428 724 1
18 L 0 465 1
18 D 71 465 1
18 L 0 427 1
18 D 36 427 1
18 L 0 320 1
18 D 159 320 1
18 L 0 915 1
18 D 312 915 1
18 L 0 217 1
18 D 534 217 1
18 L 0 587 1
18 D 619 587 1
18 L 0 383 1
18 D 157 383 1
18 L 0 615 1
18 D 160 615 1
18 L 0 122 1
18 D 76 122 1
18 L 0 727 1
18 D 452 727 1
18 L 0 86 1
18 D 743 86 1
18 L 0 605 1
18 D 506 605 1
18 L 0 198 1
18 D 370 198 1
18 L 0 794 1
18 D 698 794 1
18 L 0 832 1
18 D 794 832 1
18 L 0 109 1
18 D 634 109 1
18 L 0 977 1
18 D 670 977 1
18 L 0 45 1
18 D 37 45 1
18 L 0 823 1
18 D 457 823 1
18 L 0 182 1
18 D 679 182 1
18 L 0 344 1
18 D 425 344 1
18 L 0 362 1
18 D 217 362 1
18 L 0 26 1
18 D 494 26 1
18 L 0 460 1
18 D 728 460 1
18 L 0 641 1
18 D 321 641 1
18 L 0 60 1
18 D 90 60 1
18 L 0 95 1
18 D 303 95 1
18 L 0 215 1
18 D 277 215 1
18 L 0 301 1
18 D 471 301 1
18 L 0 73 1
18 D 577 73 1
18 L 0 862 1
18 D 413 862 1
18 L 0 451 1
18 D 302 451 1
18 L 0 534 1
18 D 294 534 1
18 L 0 749 1
18 D 630 749 1
18 L 0 142 1
18 D 6 142 1
18 L 0 750 1
18 D 508 750 1
18 L 0 859 1
18 D 382 859 1
18 L 0 862 1
18 D 33 862 1
18 L 0 591 1
18 D 520 591 1
18 L 0 515 1
18 D 464 515 1
18 L 0 641 1
18 D 115 641 1
18 L 0 694 1
18 D 150 694 1
18 L 0 423 1
18 D 676 423 1
18 L 0 365 1
18 D 438 365 1
18 L 0 145 1
18 D 770 145 1
18 L 0 670 1
18 D 715 670 1
18 L 0 157 1
18 D 456 157 1
18 L 0 446 1
18 D 750 446 1
18 L 0 719 1
18 D 688 719 1
18 L 0 314 1
18 D 660 314 1
18 L 0 350 1
18 D 723 350 1
18 L 0 216 1
18 D 327 216 1
18 L 0 440 1
18 D 123 440 1
18 L 0 556 1
18 D 645 556 1
18 L 0 466 1
18 D 139 466 1
18 L 0 95 1
18 D 617 95 1
18 L 0 181 1
18 D 787 181 1
18 L 0 790 1
18 D 566 790 1
18 L 0 282 1
18 D 541 282 1
18 L 0 673 1
18 D 781 673 1
18 L 0 641 1
18 D 510 641 1
18 L 0 429 1
18 D 727 429 1
18 L 0 658 1
18 D 82 658 1
18 L 0 109 1
18 D 130 109 1
18 L 0 125 1
18 D 279 125 1
18 L 0 410 1
18 D 485 410 1
18 L 0 753 1
18 D 627 753 1
18 L 0 434 1
18 D 527 434 1
18 L 0 768 1
18 D 678 768 1
18 L 0 181 1
18 D 154 181 1
18 L 0 499 1
18 D 193 499 1
18 L 0 445 1
18 D 584 445 1
19 L 0 435 1
19 D 339 435 1
19 L 0 736 1
19 D 428 736 1
19 L 0 468 2
19 D 71 468 2
19 L 0 484 1
19 D 36 484 1
19 L 0 484 1
19 D 159 484 1
19 L 0 916 1
19 D 312 916 1
19 L 0 241 1
19 D 534 241 1
19 L 0 797 1
19 D 619 797 1
19 L 0 18 1
19 D 513 18 1
19 L 0 416 1
19 D 157 416 1
19 L 0 702 1
19 D 160 702 1
19 L 0 308 1
19 D 447 308 1
19 L 0 127 1
19 D 76 127 1
19 L 0 755 1
19 D 452 755 1
19 L 0 106 1
19 D 743 106 1
19 L 0 162 1
19 D 89 162 1
19 L 0 777 1
19 D 506 777 1
19 L 0 730 1
19 D 370 730 1
19 L 0 834 1
19 D 698 834 1
19 L 0 623 1
19 D 634 623 1
19 L 0 236 1
19 D 593 236 1
19 L 0 48 1
19 D 37 48 1
19 L 0 939 1
19 D 457 939 1
19 L 0 195 1
19 D 679 195 1
19 L 0 432 1
19 D 425 432 1
19 L 0 449 1
19 D 217 449 1
19 L 0 27 1
19 D 494 27 1
19 L 0 719 1
19 D 728 719 1
19 L 0 795 1
19 D 321 795 1
19 L 0 528 1
19 D 90 528 1
19 L 0 247 1
19 D 303 247 1
19 L 0 259 1
19 D 277 259 1
19 L 0 406 1
19 D 471 406 1
19 L 0 388 1
19 D 577 388 1
19 L 0 918 1
19 D 413 918 1
19 L 0 866 1
19 D 302 866 1
19 L 0 552 1
19 D 294 552 1
19 L 0 757 1
19 D 630 757 1
19 L 0 303 1
19 D 6 303 1
19 L 0 775 1
19 D 508 775 1
19 L 0 882 1
19 D 382 882 1
19 L 0 15 1
19 D 412 15 1
19 L 0 927 1
19 D 33 927 1
19 L 0 680 1
19 D 520 680 1
19 L 0 558 1
19 D 464 558 1
19 L 0 854 1
19 D 115 854 1
19 L 0 741 1
19 D 677 741 1
19 L 0 721 1
19 D 150 721 1
19 L 0 753 1
19 D 676 753 1
19 L 0 129 2
19 D 766 129 2
19 L 0 396 1
19 D 438 396 1
19 L 0 205 1
19 D 770 205 1
19 L 0 720 1
19 D 715 720 1
19 L 0 237 1
19 D 456 237 1
19 L 0 626 1
19 D 750 626 1
19 L 0 806 1
19 D 688 806 1
19 L 0 322 1
19 D 660 322 1
19 L 0 384 1
19 D 723 384 1
19 L 0 281 1
19 D 327 281 1
19 L 0 650 1
19 D 123 650 1
19 L 0 611 1
19 D 645 611 1
19 L 0 575 1
19 D 139 575 1
19 L 0 130 1
19 D 617 130 1
19 L 0 203 1
19 D 787 203 1
19 L 0 954 1
19 D 566 954 1
19 L 0 406 1
19 D 541 406 1
19 L 0 872 1
19 D 781 872 1
19 L 0 221 1
19 D 23 221 1
19 L 0 616 1
19 D 276 616 1
19 L 0 740 1
19 D 510 740 1
19 L 0 502 1
19 D 727 502 1
19 L 0 150 1
19 D 102 150 1
19 L 0 827 1
19 D 82 827 1
19 L 0 160 1
19 D 130 160 1
19 L 0 186 1
19 D 279 186 1
19 L 0 513 1
19 D 485 513 1
19 L 0 41 1
19 D 661 41 1
19 L 0 924 1
19 D 627 924 1
19 L 0 487 1
19 D 527 487 1
19 L 0 775 1
19 D 678 775 1
19 L 0 262 1
19 D 154 262 1
19 L 0 617 1
19 D 193 617 1
19 L 0 481 1
19 D 584 481 1
19 L 0 12 1
19 D 178 12 1
