52
0 L 0 250 1
0 D 526 250 1
1 L 0 455 1
1 D 526 455 1
2 L 0 739 1
2 D 526 739 1
3 L 0 788 1
3 D 526 788 1
4 L 0 816 1
4 D 526 816 1
5 L 0 1062 1
5 D 526 1062 1
6 L 0 1185 1
6 D 526 1185 1
8 L 0 437 1
8 D 344 437 1
9 L 0 479 1
9 D 344 479 1
10 L 0 690 1
10 D 344 690 1
11 L 0 787 1
11 D 344 787 1
12 L 0 996 1
12 D 344 996 1
13 L 0 1395 1
13 D 344 1395 1
14 L 0 1645 1
14 D 344 1645 1
15 L 0 1803 1
15 D 344 1803 1
17 L 0 8 1
17 D 366 8 1
18 L 0 454 1
18 D 366 454 1
19 L 0 459 1
19 D 366 459 1
20 L 0 899 1
20 D 366 899 1
21 L 0 1482 1
21 D 366 1482 1
22 L 0 1648 1
22 D 366 1648 1
23 L 0 1837 1
23 D 366 1837 1
25 L 0 647 1
25 D 849 647 1
26 L 0 1348 1
26 D 849 1348 1
28 L 0 761 1
28 D 974 761 1
29 L 0 835 1
29 D 974 835 1
